<assembly xmlns="http://maven.apache.org/plugins/maven-assembly-plugin/assembly/1.1.0"
          xmlns:xsi="http://www.w3.org/2001/XMLSchema-instance"
          xsi:schemaLocation="http://maven.apache.org/plugins/maven-assembly-plugin/assembly/1.1.0 http://maven.apache.org/xsd/assembly-1.1.0.xsd">
    <id>test-jar-with-deps</id>
    <formats>
        <format>jar</format>
    </formats>
    <includeBaseDirectory>false</includeBaseDirectory>
    <dependencySets>
        <dependencySet>
            <!-- All dependencies end up in the root directory of the assembly jar -->
            <outputDirectory>/</outputDirectory>
            <!-- Include the project artifact (i.e. the main jar) -->
            <useProjectArtifact>true</useProjectArtifact>
            <!-- Include project attachments (i.e. the test jar) -->
            <useProjectAttachments>true</useProjectAttachments>
            <!-- Unzip dependencies and merge classes into the assembly jar (otherwise, the assembly jar will contain jars) -->
            <unpack>true</unpack>
            <unpackOptions>
                <excludes>
                    <exclude>**/META-INF/versions/9/**</exclude>
                </excludes>
            </unpackOptions>
            <!-- Include test dependencies, as we plan to run the tests from the test jar in Databricks -->
            <scope>test</scope>
            <!-- To minimize conflicts when running tests on Databricks, we should only include jars here that
             are explicitly not part of DBR. Otherwise, tests will hit java.lang.VerifyError when loading classes due
             to mismatches between the versions of classes used at compile-time and runtime. -->
            <includes>
                <!-- The SDK is not currently bundled in DBR. -->
                <include>com.databricks:*</include>
                <!-- These test libraries are not part of DBR. -->
                <include>org.scalactic:*</include>
                <include>org.scalatest:*</include>
                <!-- Mockito deps -->
                <include>org.mockito:*</include>
                <include>org.objenesis:*</include>
                <include>net.bytebuddy:*</include>
            </includes>
        </dependencySet>
    </dependencySets>
</assembly>
